STT ThoiGian NhietDo MucNuoc
1 22/3/2023-21:56:4 28.44 21.50 
2 22/3/2023-21:56:9 28.44 21.50 
3 22/3/2023-21:56:14 28.44 21.08 
4 22/3/2023-21:56:19 28.38 21.09 
5 22/3/2023-21:56:24 28.44 21.50 
6 22/3/2023-21:56:29 28.44 21.09 
7 22/3/2023-21:56:34 28.44 21.09 
8 22/3/2023-21:56:39 28.38 21.50 
9 22/3/2023-21:56:44 28.44 21.09 
10 22/3/2023-21:56:49 28.44 21.52 
11 22/3/2023-21:56:54 28.44 21.52 
12 22/3/2023-21:56:59 28.38 21.50 
13 22/3/2023-21:57:4 28.38 21.50 
14 22/3/2023-21:57:9 28.38 21.52 
15 22/3/2023-21:57:14 28.38 21.52 
16 22/3/2023-21:57:19 28.38 21.08 
17 22/3/2023-21:57:24 28.38 21.50 
18 22/3/2023-21:57:29 28.38 21.50 
19 22/3/2023-21:57:34 28.38 21.50 
20 22/3/2023-21:57:39 28.38 21.52 
21 22/3/2023-21:57:44 28.38 21.09 
22 22/3/2023-21:57:49 28.38 21.09 
23 22/3/2023-21:57:54 28.38 21.09 
24 22/3/2023-21:57:59 28.38 21.09 
25 22/3/2023-21:58:4 28.38 21.50 
26 22/3/2023-21:58:9 28.38 21.09 
27 22/3/2023-21:58:14 28.38 21.52 
28 22/3/2023-21:58:19 28.38 21.50 
29 22/3/2023-21:58:24 28.38 21.50 
30 22/3/2023-21:58:29 28.38 21.52 
31 22/3/2023-21:58:34 28.38 20.67 
32 22/3/2023-21:58:39 28.38 21.08 
33 22/3/2023-21:58:44 28.38 21.09 
34 22/3/2023-21:58:49 28.38 21.09 
35 22/3/2023-21:58:54 28.38 20.69 
36 22/3/2023-21:58:59 28.38 21.09 
37 22/3/2023-21:59:4 28.44 21.52 
38 22/3/2023-21:59:9 28.38 21.09 
39 22/3/2023-21:59:14 28.44 21.09 
40 22/3/2023-21:59:19 28.38 21.09 
41 22/3/2023-21:59:24 28.38 21.09 
42 22/3/2023-21:59:29 28.38 21.09 
43 22/3/2023-21:59:34 28.38 21.09 
44 22/3/2023-21:59:39 28.38 21.09 
45 22/3/2023-21:59:44 28.44 21.09 
46 22/3/2023-21:59:49 28.38 21.50 
47 22/3/2023-21:59:54 28.38 21.09 
48 22/3/2023-21:59:59 28.38 21.50 
49 22/3/2023-22:0:4 28.38 21.09 
50 22/3/2023-22:0:9 28.38 21.09 
51 22/3/2023-22:0:14 28.38 21.09 
52 22/3/2023-22:0:19 28.31 21.08 
53 22/3/2023-22:0:24 28.38 21.09 
54 22/3/2023-22:0:29 28.38 20.67 
55 22/3/2023-22:0:34 28.38 21.09 
56 22/3/2023-22:0:39 28.38 21.09 
57 22/3/2023-22:0:44 28.38 21.52 
58 22/3/2023-22:0:49 28.38 21.08 
59 22/3/2023-22:0:54 28.38 21.09 
60 22/3/2023-22:0:59 28.38 21.50 
61 22/3/2023-22:1:4 28.38 21.09 
62 22/3/2023-22:1:9 28.31 20.67 
63 22/3/2023-22:1:14 28.31 21.08 
64 22/3/2023-22:1:19 28.31 21.09 
65 22/3/2023-22:1:24 28.31 21.08 
66 22/3/2023-22:1:29 28.38 20.64 
67 22/3/2023-22:1:34 28.38 20.67 
68 22/3/2023-22:1:39 28.38 21.09 
69 22/3/2023-22:1:44 28.31 21.09 
70 22/3/2023-22:1:49 28.38 20.67 
71 22/3/2023-22:1:54 28.38 21.09 
72 22/3/2023-22:1:59 28.38 21.09 
73 22/3/2023-22:2:4 28.38 21.09 
74 22/3/2023-22:2:9 28.38 21.09 
75 22/3/2023-22:2:14 28.31 21.09 
76 22/3/2023-22:2:19 28.38 20.67 
77 22/3/2023-22:2:24 28.31 21.08 
78 22/3/2023-22:2:29 28.38 21.09 
79 22/3/2023-22:2:34 28.38 20.67 
80 22/3/2023-22:2:39 28.31 21.09 
81 22/3/2023-22:2:44 28.31 21.09 
82 22/3/2023-22:2:49 28.38 20.69 
83 22/3/2023-22:2:54 28.38 21.08 
84 22/3/2023-22:2:59 28.31 21.09 
85 22/3/2023-22:3:4 28.31 21.09 
86 22/3/2023-22:3:9 28.38 21.09 
87 22/3/2023-22:3:14 28.38 21.09 
88 22/3/2023-22:3:19 28.31 21.08 
89 22/3/2023-22:3:24 28.31 21.50 
90 22/3/2023-22:3:29 28.38 21.50 
91 22/3/2023-22:3:34 28.31 21.52 
92 22/3/2023-22:3:39 28.31 20.67 
93 22/3/2023-22:3:44 28.31 21.09 
94 22/3/2023-22:3:49 28.31 21.09 
95 22/3/2023-22:3:54 28.31 21.09 
96 22/3/2023-22:3:59 28.31 21.09 
97 22/3/2023-22:4:4 28.31 20.69 
98 22/3/2023-22:4:9 28.31 21.50 
99 22/3/2023-22:4:14 28.31 21.08 
100 22/3/2023-22:4:19 28.31 21.09 
101 22/3/2023-22:4:24 28.38 21.09 
102 22/3/2023-22:4:29 28.31 21.09 
103 22/3/2023-22:4:34 28.38 21.09 
104 22/3/2023-22:4:39 28.31 21.09 
105 22/3/2023-22:4:44 28.38 21.09 
106 22/3/2023-22:4:49 28.31 21.09 
107 22/3/2023-22:4:54 28.31 21.09 
108 22/3/2023-22:4:59 28.31 20.67 
109 22/3/2023-22:5:4 28.31 21.09 
110 22/3/2023-22:5:9 28.31 21.09 
111 22/3/2023-22:5:14 28.31 21.52 
112 22/3/2023-22:5:19 28.31 21.50 
113 22/3/2023-22:5:24 28.31 21.09 
114 22/3/2023-22:5:29 28.31 20.67 
115 22/3/2023-22:5:34 28.31 21.09 
116 22/3/2023-22:5:39 28.31 20.67 
117 22/3/2023-22:5:44 28.31 21.09 
118 22/3/2023-22:5:49 28.31 21.09 
119 22/3/2023-22:5:54 28.31 21.09 
120 22/3/2023-22:5:59 28.31 21.09 
121 22/3/2023-22:6:4 28.31 21.09 
122 22/3/2023-22:6:9 28.31 21.08 
123 22/3/2023-22:6:14 28.31 20.67 
124 22/3/2023-22:6:19 28.31 21.08 
125 22/3/2023-22:6:24 28.31 21.09 
126 22/3/2023-22:6:29 28.31 20.67 
127 22/3/2023-22:6:34 28.25 21.09 
128 22/3/2023-22:6:39 28.31 21.09 
129 22/3/2023-22:6:44 28.31 21.09 
130 22/3/2023-22:6:49 28.31 21.08 
131 22/3/2023-22:6:54 28.31 20.67 
132 22/3/2023-22:6:59 28.25 21.08 
133 22/3/2023-22:7:4 28.31 21.08 
134 22/3/2023-22:7:9 28.31 21.09 
135 22/3/2023-22:7:14 28.25 20.69 
136 22/3/2023-22:7:19 28.25 21.50 
137 22/3/2023-22:7:24 28.31 21.52 
138 22/3/2023-22:7:29 28.25 21.08 
139 22/3/2023-22:7:34 28.25 21.50 
140 22/3/2023-22:7:39 28.25 21.09 
141 22/3/2023-22:7:44 28.31 21.08 
142 22/3/2023-22:7:49 28.31 21.09 
143 22/3/2023-22:7:54 28.31 21.09 
144 22/3/2023-22:7:59 28.31 21.09 
145 22/3/2023-22:8:4 28.31 21.09 
146 22/3/2023-22:8:9 28.31 21.09 
147 22/3/2023-22:8:14 28.38 21.09 
148 22/3/2023-22:8:19 28.31 21.09 
149 22/3/2023-22:8:24 28.25 21.09 
150 22/3/2023-22:8:29 28.25 21.09 
151 22/3/2023-22:8:34 28.31 21.09 
152 22/3/2023-22:8:39 28.31 20.69 
153 22/3/2023-22:8:44 28.25 21.09 
154 22/3/2023-22:8:49 28.31 21.09 
155 22/3/2023-22:8:54 28.31 21.09 
156 22/3/2023-22:8:59 28.25 21.09 
157 22/3/2023-22:9:4 28.25 21.09 
158 22/3/2023-22:9:9 28.25 21.08 
159 22/3/2023-22:9:14 28.25 21.09 
160 22/3/2023-22:9:19 28.31 20.69 
161 22/3/2023-22:9:24 28.25 20.67 
162 22/3/2023-22:9:29 28.25 21.09 
163 22/3/2023-22:9:34 28.25 21.09 
164 22/3/2023-22:9:39 28.25 21.08 
165 22/3/2023-22:9:44 28.25 21.09 
166 22/3/2023-22:9:49 28.25 20.67 
167 22/3/2023-22:9:54 28.25 20.69 
168 22/3/2023-22:9:59 28.25 21.09 
169 22/3/2023-22:10:4 28.25 20.67 
170 22/3/2023-22:10:9 28.25 21.09 
171 22/3/2023-22:10:14 28.25 20.67 
172 22/3/2023-22:10:19 28.25 21.09 
173 22/3/2023-22:10:24 28.25 21.08 
174 22/3/2023-22:10:29 28.25 21.09 
175 22/3/2023-22:10:34 28.25 21.09 
176 22/3/2023-22:10:39 28.25 20.69 
177 22/3/2023-22:10:44 28.25 20.67 
178 22/3/2023-22:10:49 28.25 20.69 
179 22/3/2023-22:10:54 28.25 21.09 
180 22/3/2023-22:10:59 28.25 20.67 
181 22/3/2023-22:11:4 28.25 21.09 
182 22/3/2023-22:11:9 28.25 21.09 
183 22/3/2023-22:11:14 28.25 21.09 
184 22/3/2023-22:11:19 28.25 21.09 
185 22/3/2023-22:11:24 28.25 21.08 
186 22/3/2023-22:11:29 28.25 20.69 
187 22/3/2023-22:11:34 28.25 21.09 
188 22/3/2023-22:11:39 28.25 21.09 
189 22/3/2023-22:11:44 28.19 20.67 
190 22/3/2023-22:11:49 28.25 21.09 
191 22/3/2023-22:11:54 28.25 21.09 
192 22/3/2023-22:11:59 28.19 20.67 
193 22/3/2023-22:12:4 28.25 21.09 
194 22/3/2023-22:12:9 28.19 20.67 
195 22/3/2023-22:12:14 28.19 20.67 
196 22/3/2023-22:12:19 28.19 20.65 
197 22/3/2023-22:12:24 28.19 20.67 
198 22/3/2023-22:12:29 28.19 20.67 
199 22/3/2023-22:12:34 28.19 21.09 
200 22/3/2023-22:12:39 28.25 21.09 
201 22/3/2023-22:12:44 28.19 21.52 
202 22/3/2023-22:12:49 28.19 21.09 
203 22/3/2023-22:12:54 28.25 21.09 
204 22/3/2023-22:12:59 28.25 21.09 
205 22/3/2023-22:13:4 28.25 20.67 
206 22/3/2023-22:13:9 28.25 20.67 
207 22/3/2023-22:13:14 28.19 21.09 
208 22/3/2023-22:13:19 28.19 21.09 
209 22/3/2023-22:13:24 28.19 21.08 
210 22/3/2023-22:13:29 28.19 21.09 
211 22/3/2023-22:13:34 28.25 20.67 
212 22/3/2023-22:13:39 28.19 21.09 
213 22/3/2023-22:13:44 28.25 20.69 
214 22/3/2023-22:13:49 28.19 21.50 
215 22/3/2023-22:13:54 28.19 20.67 
216 22/3/2023-22:13:59 28.19 21.09 
217 22/3/2023-22:14:4 28.19 21.50 
218 22/3/2023-22:14:9 28.19 21.09 
219 22/3/2023-22:14:14 28.19 21.08 
220 22/3/2023-22:14:19 28.19 21.09 
221 22/3/2023-22:14:24 28.25 21.50 
222 22/3/2023-22:14:29 28.25 21.09 
223 22/3/2023-22:14:34 28.25 21.09 
224 22/3/2023-22:14:39 28.19 20.69 
225 22/3/2023-22:14:44 28.19 21.09 
226 22/3/2023-22:14:49 28.19 21.50 
227 22/3/2023-22:14:54 28.19 21.52 
228 22/3/2023-22:14:59 28.19 20.67 
229 22/3/2023-22:15:4 28.19 20.67 
230 22/3/2023-22:15:9 28.19 21.09 
231 22/3/2023-22:15:14 28.19 21.09 
232 22/3/2023-22:15:19 28.19 21.09 
233 22/3/2023-22:15:24 28.19 21.50 
234 22/3/2023-22:15:29 28.19 21.52 
235 22/3/2023-22:15:34 28.19 20.67 
236 22/3/2023-22:15:39 28.19 21.50 
237 22/3/2023-22:15:44 28.19 21.09 
238 22/3/2023-22:15:49 28.19 20.67 
239 22/3/2023-22:15:54 28.19 21.09 
240 22/3/2023-22:15:59 28.19 21.09 
241 22/3/2023-22:16:4 28.19 21.09 
242 22/3/2023-22:16:9 28.19 21.52 
243 22/3/2023-22:16:14 28.19 21.09 
244 22/3/2023-22:16:19 28.19 20.67 
245 22/3/2023-22:16:24 28.13 21.09 
246 22/3/2023-22:16:29 28.19 20.67 
247 22/3/2023-22:16:34 28.13 20.67 
248 22/3/2023-22:16:39 28.19 20.67 
249 22/3/2023-22:16:44 28.13 21.09 
250 22/3/2023-22:16:49 28.13 21.52 
251 22/3/2023-22:16:54 28.19 21.09 
252 22/3/2023-22:16:59 28.19 21.50 
253 22/3/2023-22:17:4 28.13 21.09 
254 22/3/2023-22:17:9 28.13 21.09 
255 22/3/2023-22:17:14 28.13 21.09 
256 22/3/2023-22:17:19 28.13 21.09 
257 22/3/2023-22:17:24 28.13 21.50 
258 22/3/2023-22:17:29 28.13 21.09 
259 22/3/2023-22:17:34 28.13 21.09 
260 22/3/2023-22:17:39 28.13 21.09 
261 22/3/2023-22:17:44 28.13 21.09 
262 22/3/2023-22:17:49 28.13 21.09 
263 22/3/2023-22:17:54 28.19 21.09 
264 22/3/2023-22:17:59 28.19 21.09 
265 22/3/2023-22:18:4 28.19 21.50 
266 22/3/2023-22:18:9 28.13 21.50 
267 22/3/2023-22:18:14 28.19 21.09 
268 22/3/2023-22:18:19 28.13 21.09 
269 22/3/2023-22:18:24 28.13 21.09 
270 22/3/2023-22:18:29 28.13 21.09 
271 22/3/2023-22:18:34 28.19 21.09 
272 22/3/2023-22:18:39 28.13 21.09 
273 22/3/2023-22:18:44 28.13 20.67 
274 22/3/2023-22:18:49 28.13 21.09 
275 22/3/2023-22:18:54 28.19 20.69 
276 22/3/2023-22:18:59 28.13 21.09 
277 22/3/2023-22:19:4 28.13 20.67 
278 22/3/2023-22:19:9 28.19 21.08 
279 22/3/2023-22:19:14 28.19 21.08 
280 22/3/2023-22:19:19 28.13 21.09 
281 22/3/2023-22:19:24 28.13 21.09 
282 22/3/2023-22:19:29 28.13 21.09 
283 22/3/2023-22:19:34 28.13 21.08 
284 22/3/2023-22:19:39 28.13 20.69 
285 22/3/2023-22:19:44 28.13 21.09 
286 22/3/2023-22:19:49 28.06 20.67 
287 22/3/2023-22:19:54 28.13 21.09 
288 22/3/2023-22:19:59 28.13 20.67 
289 22/3/2023-22:20:4 28.13 20.67 
290 22/3/2023-22:20:9 28.13 20.67 
291 22/3/2023-22:20:14 28.06 21.09 
292 22/3/2023-22:20:19 28.13 20.67 
293 22/3/2023-22:20:24 28.06 20.67 
294 22/3/2023-22:20:29 28.06 21.09 
295 22/3/2023-22:20:34 28.06 21.08 
296 22/3/2023-22:20:39 28.13 21.09 
297 22/3/2023-22:20:44 28.06 20.67 
298 22/3/2023-22:20:49 28.06 20.67 
299 22/3/2023-22:20:54 28.06 21.09 
300 22/3/2023-22:20:59 28.06 20.67 
301 22/3/2023-22:21:4 28.06 21.09 
302 22/3/2023-22:21:9 28.06 21.08 
303 22/3/2023-22:21:14 28.06 20.67 
304 22/3/2023-22:21:19 28.06 21.09 
305 22/3/2023-22:21:24 28.06 20.67 
306 22/3/2023-22:21:29 28.06 20.67 
307 22/3/2023-22:21:34 28.06 20.69 
308 22/3/2023-22:21:39 28.06 20.67 
309 22/3/2023-22:21:44 28.06 21.09 
310 22/3/2023-22:21:49 28.06 21.09 
311 22/3/2023-22:21:54 28.06 21.09 
312 22/3/2023-22:21:59 28.06 21.09 
313 22/3/2023-22:22:4 28.06 21.09 
314 22/3/2023-22:22:9 28.00 21.09 
315 22/3/2023-22:22:14 28.06 21.09 
316 22/3/2023-22:22:19 28.00 20.69 
317 22/3/2023-22:22:24 28.00 21.08 
318 22/3/2023-22:22:29 28.06 21.09 
319 22/3/2023-22:22:34 28.06 20.67 
320 22/3/2023-22:22:39 28.06 21.09 
321 22/3/2023-22:22:44 28.06 21.09 
322 22/3/2023-22:22:49 28.06 21.09 
323 22/3/2023-22:22:54 28.06 21.09 
324 22/3/2023-22:22:59 28.06 20.67 
325 22/3/2023-22:23:4 28.06 21.08 
326 22/3/2023-22:23:9 28.06 21.08 
327 22/3/2023-22:23:14 28.06 20.67 
328 22/3/2023-22:23:19 28.06 20.67 
329 22/3/2023-22:23:24 28.06 21.09 
330 22/3/2023-22:23:29 28.06 20.67 
331 22/3/2023-22:23:34 28.06 21.08 
332 22/3/2023-22:23:39 28.06 21.09 
333 22/3/2023-22:23:44 28.06 21.09 
334 22/3/2023-22:23:49 28.00 21.08 
335 22/3/2023-22:23:54 28.06 20.67 
336 22/3/2023-22:23:59 28.06 21.09 
337 22/3/2023-22:24:4 28.06 21.09 
338 22/3/2023-22:24:9 28.06 21.09 
339 22/3/2023-22:24:14 28.06 21.08 
340 22/3/2023-22:24:19 28.06 20.23 
341 22/3/2023-22:24:24 28.00 21.09 
342 22/3/2023-22:24:29 28.06 21.09 
343 22/3/2023-22:24:34 28.06 20.67 
344 22/3/2023-22:24:39 28.06 20.67 
345 22/3/2023-22:24:44 28.06 21.09 
346 22/3/2023-22:24:49 28.06 21.09 
347 22/3/2023-22:24:54 28.06 21.09 
348 22/3/2023-22:24:59 28.06 21.09 
349 22/3/2023-22:25:4 28.06 20.67 
350 22/3/2023-22:25:9 28.06 21.09 
351 22/3/2023-22:25:14 28.13 21.50 
352 22/3/2023-22:25:19 28.06 21.09 
353 22/3/2023-22:25:24 28.06 21.09 
354 22/3/2023-22:25:29 28.06 21.09 
355 22/3/2023-22:25:34 28.06 21.09 
356 22/3/2023-22:25:39 28.06 21.09 
357 22/3/2023-22:25:44 28.06 20.69 
358 22/3/2023-22:25:49 28.06 21.09 
359 22/3/2023-22:25:54 28.06 21.09 
360 22/3/2023-22:25:59 28.06 21.09 
361 22/3/2023-22:26:4 28.06 20.64 
362 22/3/2023-22:26:9 28.00 21.09 
363 22/3/2023-22:26:14 28.00 20.67 
364 22/3/2023-22:26:19 28.00 21.09 
365 22/3/2023-22:26:24 28.00 20.67 
366 22/3/2023-22:26:29 28.06 20.67 
367 22/3/2023-22:26:34 28.00 21.09 
368 22/3/2023-22:26:39 28.00 20.69 
369 22/3/2023-22:26:44 28.00 21.09 
370 22/3/2023-22:26:49 28.00 21.09 
371 22/3/2023-22:26:54 28.00 20.67 
372 22/3/2023-22:26:59 28.00 21.09 
373 22/3/2023-22:27:4 28.06 20.67 
374 22/3/2023-22:27:9 28.00 21.08 
375 22/3/2023-22:27:14 27.94 21.09 
376 22/3/2023-22:27:19 28.00 20.67 
377 22/3/2023-22:27:24 28.00 21.09 
378 22/3/2023-22:27:29 28.00 21.09 
379 22/3/2023-22:27:34 28.00 21.09 
380 22/3/2023-22:27:39 28.00 21.09 
381 22/3/2023-22:27:44 28.00 21.09 
382 22/3/2023-22:27:49 28.00 21.09 
383 22/3/2023-22:27:54 28.00 21.09 
384 22/3/2023-22:27:59 27.94 21.08 
385 22/3/2023-22:28:4 28.00 21.09 
386 22/3/2023-22:28:9 27.94 21.08 
387 22/3/2023-22:28:14 28.00 21.08 
388 22/3/2023-22:28:19 28.00 20.69 
389 22/3/2023-22:28:24 28.00 20.67 
390 22/3/2023-22:28:29 28.00 21.09 
391 22/3/2023-22:28:34 28.00 20.67 
392 22/3/2023-22:28:39 28.00 21.09 
393 22/3/2023-22:28:44 28.00 20.67 
394 22/3/2023-22:28:49 28.00 21.09 
395 22/3/2023-22:28:54 27.94 21.09 
396 22/3/2023-22:28:59 28.00 20.67 
397 22/3/2023-22:29:4 28.00 21.09 
398 22/3/2023-22:29:9 28.00 21.09 
399 22/3/2023-22:29:14 28.00 21.09 
400 22/3/2023-22:29:19 28.00 21.50 
401 22/3/2023-22:29:24 27.94 21.50 
402 22/3/2023-22:29:29 28.00 21.09 
403 22/3/2023-22:29:34 27.94 21.09 
404 22/3/2023-22:29:39 27.94 21.09 
405 22/3/2023-22:29:44 27.94 21.50 
406 22/3/2023-22:29:49 27.94 21.08 
407 22/3/2023-22:29:54 27.94 21.09 
408 22/3/2023-22:29:59 27.94 21.08 
409 22/3/2023-22:30:4 27.94 21.09 
410 22/3/2023-22:30:9 27.94 21.09 
411 22/3/2023-22:30:14 27.94 21.09 
412 22/3/2023-22:30:19 27.94 21.52 
413 22/3/2023-22:30:24 27.94 20.69 
414 22/3/2023-22:30:29 27.94 20.67 
415 22/3/2023-22:30:34 27.94 21.09 
416 22/3/2023-22:30:39 28.00 21.09 
417 22/3/2023-22:30:44 28.00 21.09 
418 22/3/2023-22:30:49 28.00 20.67 
419 22/3/2023-22:30:54 28.00 20.67 
420 22/3/2023-22:30:59 28.00 21.09 
421 22/3/2023-22:31:4 28.00 21.09 
422 22/3/2023-22:31:9 28.00 21.08 
423 22/3/2023-22:31:14 28.00 20.69 
424 22/3/2023-22:31:19 28.00 21.09 
425 22/3/2023-22:31:24 27.94 21.50 
426 22/3/2023-22:31:29 27.94 21.08 
427 22/3/2023-22:31:34 27.94 21.09 
428 22/3/2023-22:31:39 27.94 21.09 
429 22/3/2023-22:31:44 27.94 21.09 
430 22/3/2023-22:31:49 27.94 21.09 
431 22/3/2023-22:31:54 28.00 21.09 
432 22/3/2023-22:31:59 27.94 21.09 
433 22/3/2023-22:32:4 27.94 21.09 
434 22/3/2023-22:32:9 27.94 21.09 
435 22/3/2023-22:32:14 27.94 21.09 
436 22/3/2023-22:32:19 27.94 21.09 
437 22/3/2023-22:32:24 27.94 21.50 
438 22/3/2023-22:32:29 27.94 21.52 
439 22/3/2023-22:32:34 27.94 21.09 
440 22/3/2023-22:32:39 28.00 21.09 
441 22/3/2023-22:32:44 28.00 21.09 
442 22/3/2023-22:32:49 27.94 21.09 
443 22/3/2023-22:32:54 27.94 21.08 
444 22/3/2023-22:32:59 27.94 21.09 
445 22/3/2023-22:33:4 27.94 21.09 
446 22/3/2023-22:33:9 27.94 21.09 
447 22/3/2023-22:33:14 27.94 21.09 
448 22/3/2023-22:33:19 27.94 21.09 
449 22/3/2023-22:33:24 27.94 21.09 
450 22/3/2023-22:33:29 27.94 21.08 
451 22/3/2023-22:33:34 27.94 21.08 
452 22/3/2023-22:33:39 27.94 21.09 
453 22/3/2023-22:33:44 28.00 21.08 
454 22/3/2023-22:33:49 27.94 21.09 
455 22/3/2023-22:33:54 27.94 21.09 
456 22/3/2023-22:33:59 27.94 21.50 
457 22/3/2023-22:34:4 28.00 21.09 
458 22/3/2023-22:34:9 27.94 21.09 
459 22/3/2023-22:34:14 28.00 21.09 
460 22/3/2023-22:34:19 27.94 21.09 
461 22/3/2023-22:34:24 27.94 21.09 
462 22/3/2023-22:34:29 27.94 21.50 
463 22/3/2023-22:34:34 28.00 21.09 
464 22/3/2023-22:34:39 28.00 21.09 
465 22/3/2023-22:34:44 28.00 20.67 
466 22/3/2023-22:34:49 28.00 21.09 
467 22/3/2023-22:34:54 27.94 21.09 
468 22/3/2023-22:34:59 27.94 20.67 
469 22/3/2023-22:35:4 28.00 21.09 
470 22/3/2023-22:35:9 27.94 21.09 
471 22/3/2023-22:35:14 27.94 20.67 
472 22/3/2023-22:35:19 27.94 21.09 
473 22/3/2023-22:35:24 27.94 21.09 
474 22/3/2023-22:35:29 27.94 21.09 
475 22/3/2023-22:35:34 28.00 21.09 
476 22/3/2023-22:35:39 27.94 21.52 
477 22/3/2023-22:35:44 27.94 21.09 
478 22/3/2023-22:35:49 28.00 21.09 
479 22/3/2023-22:35:54 27.94 21.09 
480 22/3/2023-22:35:59 27.94 21.50 
481 22/3/2023-22:36:4 27.94 21.08 
482 22/3/2023-22:36:9 27.94 20.67 
483 22/3/2023-22:36:14 28.00 21.08 
484 22/3/2023-22:36:19 28.00 21.09 
485 22/3/2023-22:36:24 28.00 21.09 
486 22/3/2023-22:36:29 28.00 21.09 
487 22/3/2023-22:36:34 27.94 21.52 
488 22/3/2023-22:36:39 28.00 21.52 
489 22/3/2023-22:36:44 28.00 20.67 
490 22/3/2023-22:36:49 27.94 21.50 
491 22/3/2023-22:36:54 27.94 21.09 
492 22/3/2023-22:36:59 28.00 21.52 
493 22/3/2023-22:37:4 27.94 21.09 
494 22/3/2023-22:37:9 27.94 21.08 
495 22/3/2023-22:37:14 27.94 21.52 
496 22/3/2023-22:37:19 27.94 21.09 
497 22/3/2023-22:37:24 27.94 21.09 
498 22/3/2023-22:37:29 27.94 21.09 
499 22/3/2023-22:37:34 27.94 21.50 
500 22/3/2023-22:37:39 27.94 21.50 
501 22/3/2023-22:37:44 27.94 21.50 
502 22/3/2023-22:37:49 27.94 21.09 
503 22/3/2023-22:37:54 27.94 21.52 
504 22/3/2023-22:37:59 27.94 21.09 
505 22/3/2023-22:38:4 28.00 21.09 
506 22/3/2023-22:38:9 27.94 21.09 
507 22/3/2023-22:38:14 27.94 21.08 
508 22/3/2023-22:38:19 28.00 21.52 
509 22/3/2023-22:38:24 27.94 21.50 
510 22/3/2023-22:38:29 27.94 21.08 
511 22/3/2023-22:38:34 28.00 21.09 
512 22/3/2023-22:38:39 28.00 20.67 
513 22/3/2023-22:38:44 27.94 21.09 
514 22/3/2023-22:38:49 27.94 21.08 
515 22/3/2023-22:38:54 27.94 21.08 
516 22/3/2023-22:38:59 27.94 21.08 
517 22/3/2023-22:39:4 27.94 21.08 
518 22/3/2023-22:39:9 27.94 21.09 
519 22/3/2023-22:39:14 27.94 21.08 
520 22/3/2023-22:39:19 27.94 21.50 
521 22/3/2023-22:39:24 27.94 20.67 
522 22/3/2023-22:39:29 27.94 21.08 
523 22/3/2023-22:39:34 27.94 21.50 
524 22/3/2023-22:39:39 27.94 21.09 
525 22/3/2023-22:39:44 27.94 21.09 
526 22/3/2023-22:39:49 28.00 21.50 
527 22/3/2023-22:39:54 27.94 21.09 
528 22/3/2023-22:39:59 27.88 21.52 
529 22/3/2023-22:40:4 27.94 21.09 
530 22/3/2023-22:40:9 27.94 21.09 
531 22/3/2023-22:40:14 27.94 21.50 
532 22/3/2023-22:40:19 27.94 21.09 
533 22/3/2023-22:40:24 27.94 21.09 
534 22/3/2023-22:40:29 27.94 21.50 
535 22/3/2023-22:40:34 27.94 21.09 
536 22/3/2023-22:40:39 27.94 21.52 
537 22/3/2023-22:40:44 27.94 21.50 
538 22/3/2023-22:40:49 27.88 21.09 
539 22/3/2023-22:40:54 28.00 21.50 
540 22/3/2023-22:40:59 27.94 21.08 
541 22/3/2023-22:41:4 27.94 21.52 
542 22/3/2023-22:41:9 27.94 21.09 
543 22/3/2023-22:41:14 27.94 21.52 
544 22/3/2023-22:41:19 27.94 21.52 
545 22/3/2023-22:41:24 27.94 21.09 
546 22/3/2023-22:41:29 27.94 21.08 
547 22/3/2023-22:41:34 27.94 21.09 
548 22/3/2023-22:41:39 27.94 21.50 
549 22/3/2023-22:41:44 27.94 21.09 
550 22/3/2023-22:41:49 27.94 21.09 
551 22/3/2023-22:41:54 27.94 21.09 
552 22/3/2023-22:41:59 27.94 21.50 
553 22/3/2023-22:42:4 27.94 21.09 
554 22/3/2023-22:42:9 27.94 21.50 
555 22/3/2023-22:42:14 27.94 21.52 
556 22/3/2023-22:42:19 27.94 21.09 
557 22/3/2023-22:42:24 27.94 21.52 
558 22/3/2023-22:42:29 27.88 21.08 
559 22/3/2023-22:42:34 27.88 21.09 
560 22/3/2023-22:42:39 27.94 21.08 
561 22/3/2023-22:42:44 27.94 21.08 
562 22/3/2023-22:42:49 27.94 21.50 
563 22/3/2023-22:42:54 27.94 21.09 
564 22/3/2023-22:42:59 27.94 21.52 
565 22/3/2023-22:43:4 27.88 21.50 
566 22/3/2023-22:43:9 27.94 21.50 
567 22/3/2023-22:43:14 27.88 21.08 
568 22/3/2023-22:43:19 27.94 21.09 
569 22/3/2023-22:43:24 27.94 21.50 
570 22/3/2023-22:43:29 27.94 21.50 
571 22/3/2023-22:43:34 27.88 21.09 
572 22/3/2023-22:43:39 27.94 21.09 
573 22/3/2023-22:43:44 27.88 21.50 
574 22/3/2023-22:43:49 27.94 21.09 
575 22/3/2023-22:43:54 27.94 21.09 
576 22/3/2023-22:43:59 27.88 21.09 
577 22/3/2023-22:44:4 27.88 21.50 
578 22/3/2023-22:44:9 27.88 21.52 
579 22/3/2023-22:44:14 27.88 21.50 
580 22/3/2023-22:44:19 27.88 21.52 
581 22/3/2023-22:44:24 27.88 21.09 
582 22/3/2023-22:44:29 27.94 21.52 
583 22/3/2023-22:44:34 27.88 21.08 
584 22/3/2023-22:44:39 27.88 21.52 
585 22/3/2023-22:44:44 27.88 21.50 
586 22/3/2023-22:44:49 27.88 21.09 
587 22/3/2023-22:44:54 27.88 21.52 
588 22/3/2023-22:44:59 27.88 21.08 
589 22/3/2023-22:45:4 27.88 21.50 
590 22/3/2023-22:45:9 27.94 21.50 
591 22/3/2023-22:45:14 27.94 21.50 
592 22/3/2023-22:45:19 27.94 21.50 
593 22/3/2023-22:45:24 27.94 21.52 
594 22/3/2023-22:45:29 27.94 21.50 
595 22/3/2023-22:45:34 27.94 21.50 
596 22/3/2023-22:45:39 27.88 21.52 
597 22/3/2023-22:45:44 27.88 21.50 
598 22/3/2023-22:45:49 27.94 21.08 
599 22/3/2023-22:45:54 27.94 21.52 
600 22/3/2023-22:45:59 27.94 21.09 
601 22/3/2023-22:46:4 27.94 21.50 
602 22/3/2023-22:46:9 27.88 21.50 
603 22/3/2023-22:46:14 27.88 21.09 
604 22/3/2023-22:46:19 27.94 21.50 
605 22/3/2023-22:46:24 27.94 21.52 
606 22/3/2023-22:46:29 27.88 21.52 
607 22/3/2023-22:46:34 27.88 21.08 
608 22/3/2023-22:46:39 27.94 21.52 
609 22/3/2023-22:46:44 27.88 21.52 
610 22/3/2023-22:46:49 27.88 21.50 
611 22/3/2023-22:46:54 27.88 21.52 
612 22/3/2023-22:46:59 27.88 21.50 
613 22/3/2023-22:47:4 27.88 21.09 
614 22/3/2023-22:47:9 27.88 21.52 
615 22/3/2023-22:47:14 27.88 21.09 
616 22/3/2023-22:47:19 27.88 21.50 
617 22/3/2023-22:47:24 27.88 21.50 
618 22/3/2023-22:47:29 27.88 21.50 
619 22/3/2023-22:47:34 27.88 21.50 
620 22/3/2023-22:47:39 27.88 21.50 
621 22/3/2023-22:47:44 27.88 21.50 
622 22/3/2023-22:47:49 27.88 21.50 
623 22/3/2023-22:47:54 27.88 21.52 
624 22/3/2023-22:47:59 27.88 21.52 
625 22/3/2023-22:48:4 27.88 21.09 
626 22/3/2023-22:48:9 27.88 21.52 
627 22/3/2023-22:48:14 27.88 21.52 
628 22/3/2023-22:48:19 27.88 21.52 
629 22/3/2023-22:48:24 27.88 21.08 
630 22/3/2023-22:48:29 27.88 21.09 
631 22/3/2023-22:48:34 27.88 21.08 
632 22/3/2023-22:48:39 27.88 21.52 
633 22/3/2023-22:48:44 27.88 21.52 
634 22/3/2023-22:48:49 27.88 21.50 
635 22/3/2023-22:48:54 27.94 21.50 
636 22/3/2023-22:48:59 27.94 21.50 
637 22/3/2023-22:49:4 27.94 21.09 
638 22/3/2023-22:49:9 27.94 21.50 
639 22/3/2023-22:49:14 27.94 21.08 
640 22/3/2023-22:49:19 27.88 21.09 
641 22/3/2023-22:49:24 27.94 21.50 
642 22/3/2023-22:49:29 27.88 21.09 
643 22/3/2023-22:49:34 27.88 21.08 
644 22/3/2023-22:49:39 27.94 21.09 
645 22/3/2023-22:49:44 27.94 21.50 
646 22/3/2023-22:49:49 27.94 21.09 
647 22/3/2023-22:49:54 27.94 21.50 
648 22/3/2023-22:49:59 27.88 21.09 
649 22/3/2023-22:50:4 27.88 21.09 
650 22/3/2023-22:50:9 27.88 21.09 
651 22/3/2023-22:50:14 27.88 21.50 
652 22/3/2023-22:50:19 27.88 21.08 
653 22/3/2023-22:50:24 27.88 20.67 
654 22/3/2023-22:50:29 27.94 21.08 
655 22/3/2023-22:50:34 27.88 21.09 
656 22/3/2023-22:50:39 27.94 21.50 
657 22/3/2023-22:50:44 27.94 21.50 
658 22/3/2023-22:50:49 27.94 21.50 
659 22/3/2023-22:50:54 27.94 21.50 
660 22/3/2023-22:50:59 27.88 21.52 
661 22/3/2023-22:51:4 27.88 21.52 
662 22/3/2023-22:51:9 27.94 21.08 
663 22/3/2023-22:51:14 27.88 21.09 
664 22/3/2023-22:51:19 27.94 21.50 
665 22/3/2023-22:51:24 27.88 21.09 
666 22/3/2023-22:51:29 27.88 21.08 
667 22/3/2023-22:51:34 27.88 21.52 
668 22/3/2023-22:51:39 27.94 21.09 
669 22/3/2023-22:51:44 27.94 21.50 
670 22/3/2023-22:51:49 27.88 21.52 
671 22/3/2023-22:51:54 27.88 21.09 
672 22/3/2023-22:51:59 27.88 21.52 
673 22/3/2023-22:52:4 27.88 21.52 
674 22/3/2023-22:52:9 27.88 21.52 
675 22/3/2023-22:52:14 27.88 21.09 
676 22/3/2023-22:52:19 27.88 21.50 
677 22/3/2023-22:52:24 27.94 21.09 
678 22/3/2023-22:52:29 27.88 21.09 
679 22/3/2023-22:52:34 27.88 21.50 
680 22/3/2023-22:52:39 27.88 21.50 
681 22/3/2023-22:52:44 27.88 21.50 
682 22/3/2023-22:52:49 27.88 21.49 
683 22/3/2023-22:52:54 27.88 21.52 
684 22/3/2023-22:52:59 27.94 21.50 
685 22/3/2023-22:53:4 27.88 21.50 
686 22/3/2023-22:53:9 27.88 21.52 
687 22/3/2023-22:53:14 27.88 21.50 
688 22/3/2023-22:53:19 27.88 21.52 
689 22/3/2023-22:53:24 27.88 21.50 
690 22/3/2023-22:53:29 27.88 21.50 
691 22/3/2023-22:53:34 27.88 21.52 
692 22/3/2023-22:53:39 27.88 21.52 
693 22/3/2023-22:53:44 27.88 21.09 
694 22/3/2023-22:53:49 27.88 21.09 
695 22/3/2023-22:53:54 27.88 21.09 
696 22/3/2023-22:53:59 27.88 21.50 
697 22/3/2023-22:54:4 27.88 21.52 
698 22/3/2023-22:54:9 27.88 21.50 
699 22/3/2023-22:54:14 27.88 21.52 
700 22/3/2023-22:54:19 27.88 21.50 
701 22/3/2023-22:54:24 27.88 21.09 
702 22/3/2023-22:54:29 27.88 21.50 
703 22/3/2023-22:54:34 27.88 21.50 
704 22/3/2023-22:54:39 27.81 21.09 
705 22/3/2023-22:54:44 27.88 21.08 
706 22/3/2023-22:54:49 27.81 21.09 
707 22/3/2023-22:54:54 27.88 21.50 
708 22/3/2023-22:54:59 27.88 21.50 
709 22/3/2023-22:55:4 27.88 21.09 
710 22/3/2023-22:55:9 27.81 21.09 
711 22/3/2023-22:55:14 27.94 21.08 
712 22/3/2023-22:55:19 27.88 21.09 
713 22/3/2023-22:55:24 27.88 21.09 
714 22/3/2023-22:55:29 27.88 21.09 
715 22/3/2023-22:55:34 27.88 21.09 
716 22/3/2023-22:55:39 27.88 21.09 
717 22/3/2023-22:55:44 27.94 21.09 
718 22/3/2023-22:55:49 27.88 21.09 
719 22/3/2023-22:55:54 27.88 21.52 
720 22/3/2023-22:55:59 27.88 21.08 
721 22/3/2023-22:56:4 27.88 21.09 
722 22/3/2023-22:56:9 27.88 21.09 
723 22/3/2023-22:56:14 27.88 21.09 
724 22/3/2023-22:56:19 27.88 21.09 
725 22/3/2023-22:56:24 27.94 21.50 
726 22/3/2023-22:56:29 27.88 21.09 
727 22/3/2023-22:56:34 27.88 21.09 
728 22/3/2023-22:56:39 27.88 21.09 
729 22/3/2023-22:56:44 27.88 21.08 
730 22/3/2023-22:56:49 27.88 21.09 
731 22/3/2023-22:56:54 27.88 20.67 
732 22/3/2023-22:56:59 27.88 21.09 
733 22/3/2023-22:57:4 27.88 21.08 
734 22/3/2023-22:57:9 27.88 20.67 
735 22/3/2023-22:57:14 27.81 20.67 
736 22/3/2023-22:57:19 27.88 21.09 
737 22/3/2023-22:57:24 27.88 21.09 
738 22/3/2023-22:57:29 27.88 21.08 
739 22/3/2023-22:57:34 27.88 21.09 
740 22/3/2023-22:57:39 27.88 21.09 
741 22/3/2023-22:57:44 27.88 20.67 
742 22/3/2023-22:57:49 27.88 21.09 
743 22/3/2023-22:57:54 27.94 21.09 
744 22/3/2023-22:57:59 27.88 21.08 
745 22/3/2023-22:58:4 27.88 21.08 
746 22/3/2023-22:58:9 27.88 21.09 
747 22/3/2023-22:58:14 27.88 21.09 
748 22/3/2023-22:58:19 27.88 21.50 
749 22/3/2023-22:58:24 27.88 21.09 
750 22/3/2023-22:58:29 27.88 21.09 
751 22/3/2023-22:58:34 27.88 21.09 
752 22/3/2023-22:58:39 27.88 21.09 
753 22/3/2023-22:58:44 27.88 21.09 
754 22/3/2023-22:58:49 27.88 21.52 
755 22/3/2023-22:58:54 27.88 21.52 
756 22/3/2023-22:58:59 27.88 21.50 
757 22/3/2023-22:59:4 27.88 21.52 
758 22/3/2023-22:59:9 27.88 21.09 
759 22/3/2023-22:59:14 27.94 21.11 
760 22/3/2023-22:59:19 27.88 21.50 
761 22/3/2023-22:59:24 27.88 21.09 
762 22/3/2023-22:59:29 27.88 21.09 
763 22/3/2023-22:59:34 27.88 21.09 
764 22/3/2023-22:59:39 27.88 21.50 
765 22/3/2023-22:59:44 27.88 21.08 
766 22/3/2023-22:59:49 27.88 21.09 
767 22/3/2023-22:59:54 27.88 21.50 
768 22/3/2023-22:59:59 27.88 21.09 
769 22/3/2023-23:0:4 27.88 21.08 
770 22/3/2023-23:0:9 27.88 21.09 
771 22/3/2023-23:0:14 27.88 21.52 
772 22/3/2023-23:0:19 27.88 21.09 
773 22/3/2023-23:0:24 27.88 21.09 
774 22/3/2023-23:0:29 27.88 21.50 
775 22/3/2023-23:0:34 27.88 20.67 
776 22/3/2023-23:0:39 27.88 21.09 
777 22/3/2023-23:0:44 27.88 21.09 
778 22/3/2023-23:0:49 27.81 21.09 
779 22/3/2023-23:0:54 27.88 21.50 
780 22/3/2023-23:0:59 27.81 21.09 
781 22/3/2023-23:1:4 27.81 21.09 
782 22/3/2023-23:1:9 27.88 21.09 
783 22/3/2023-23:1:14 27.81 21.52 
784 22/3/2023-23:1:19 27.81 21.52 
785 22/3/2023-23:1:24 27.88 21.50 
786 22/3/2023-23:1:29 27.88 21.50 
787 22/3/2023-23:1:34 27.88 21.52 
788 22/3/2023-23:1:39 27.88 21.08 
789 22/3/2023-23:1:44 27.81 21.09 
790 22/3/2023-23:1:49 27.88 21.08 
791 22/3/2023-23:1:54 27.88 21.09 
792 22/3/2023-23:1:59 27.88 21.09 
793 22/3/2023-23:2:4 27.81 21.50 
794 22/3/2023-23:2:9 27.88 21.09 
795 22/3/2023-23:2:14 27.88 21.09 
796 22/3/2023-23:2:19 27.81 21.52 
797 22/3/2023-23:2:24 27.88 21.09 
798 22/3/2023-23:2:29 27.88 21.11 
799 22/3/2023-23:2:34 27.88 21.09 
800 22/3/2023-23:2:39 27.88 21.09 
801 22/3/2023-23:2:44 27.88 21.50 
802 22/3/2023-23:2:49 27.88 21.09 
803 22/3/2023-23:2:54 27.88 21.08 
804 22/3/2023-23:2:59 27.81 21.09 
805 22/3/2023-23:3:4 27.81 20.67 
806 22/3/2023-23:3:9 27.88 21.09 
807 22/3/2023-23:3:14 27.88 21.09 
808 22/3/2023-23:3:19 27.88 21.08 
809 22/3/2023-23:3:24 27.88 21.09 
810 22/3/2023-23:3:29 27.88 21.09 
811 22/3/2023-23:3:34 27.88 21.09 
812 22/3/2023-23:3:39 27.88 21.08 
813 22/3/2023-23:3:44 27.88 21.09 
814 22/3/2023-23:3:49 27.88 21.09 
815 22/3/2023-23:3:54 27.88 21.09 
816 22/3/2023-23:3:59 27.88 21.50 
817 22/3/2023-23:4:4 27.88 21.09 
818 22/3/2023-23:4:9 27.88 21.08 
819 22/3/2023-23:4:14 27.88 21.52 
820 22/3/2023-23:4:19 27.88 20.67 
821 22/3/2023-23:4:24 27.88 21.09 
822 22/3/2023-23:4:29 27.88 20.67 
823 22/3/2023-23:4:34 27.88 21.09 
824 22/3/2023-23:4:39 27.88 21.09 
825 22/3/2023-23:4:44 27.88 21.09 
826 22/3/2023-23:4:49 27.88 21.09 
827 22/3/2023-23:4:54 27.81 21.09 
828 22/3/2023-23:4:59 27.81 20.67 
829 22/3/2023-23:5:4 27.88 21.09 
830 22/3/2023-23:5:9 27.88 21.09 
831 22/3/2023-23:5:14 27.88 21.09 
832 22/3/2023-23:5:19 27.81 21.09 
833 22/3/2023-23:5:24 27.81 21.52 
834 22/3/2023-23:5:29 27.81 21.09 
835 22/3/2023-23:5:34 27.81 20.69 
836 22/3/2023-23:5:39 27.88 21.09 
837 22/3/2023-23:5:44 27.81 21.09 
838 22/3/2023-23:5:49 27.81 21.50 
839 22/3/2023-23:5:54 27.88 21.09 
840 22/3/2023-23:5:59 27.81 21.09 
841 22/3/2023-23:6:4 27.81 21.52 
842 22/3/2023-23:6:9 27.81 21.09 
843 22/3/2023-23:6:14 27.81 21.50 
844 22/3/2023-23:6:19 27.75 20.67 
845 22/3/2023-23:6:24 27.81 21.09 
846 22/3/2023-23:6:29 27.81 20.67 
847 22/3/2023-23:6:34 27.81 21.50 
848 22/3/2023-23:6:39 27.81 21.09 
849 22/3/2023-23:6:44 27.81 21.50 
850 22/3/2023-23:6:49 27.81 21.09 
851 22/3/2023-23:6:54 27.81 21.09 
852 22/3/2023-23:6:59 27.81 21.09 
853 22/3/2023-23:7:4 27.81 21.52 
854 22/3/2023-23:7:9 27.81 21.52 
855 22/3/2023-23:7:14 27.88 21.08 
856 22/3/2023-23:7:19 27.81 21.08 
857 22/3/2023-23:7:24 27.81 21.09 
858 22/3/2023-23:7:29 27.81 21.08 
859 22/3/2023-23:7:34 27.81 21.09 
860 22/3/2023-23:7:39 27.81 21.52 
861 22/3/2023-23:7:44 27.81 21.09 
862 22/3/2023-23:7:49 27.81 21.08 
863 22/3/2023-23:7:54 27.81 21.09 
864 22/3/2023-23:7:59 27.81 21.09 
865 22/3/2023-23:8:4 27.81 21.09 
866 22/3/2023-23:8:9 27.75 21.09 
867 22/3/2023-23:8:14 27.81 21.52 
868 22/3/2023-23:8:19 27.81 21.09 
869 22/3/2023-23:8:24 27.81 21.09 
870 22/3/2023-23:8:29 27.75 20.67 
871 22/3/2023-23:8:34 27.81 21.09 
872 22/3/2023-23:8:39 27.81 21.09 
873 22/3/2023-23:8:44 27.81 21.09 
874 22/3/2023-23:8:49 27.81 21.09 
875 22/3/2023-23:8:54 27.81 21.09 
876 22/3/2023-23:8:59 27.81 21.11 
877 22/3/2023-23:9:4 27.81 21.50 
878 22/3/2023-23:9:9 27.81 21.09 
879 22/3/2023-23:9:14 27.81 21.08 
880 22/3/2023-23:9:19 27.81 21.09 
881 22/3/2023-23:9:24 27.81 21.09 
882 22/3/2023-23:9:29 27.81 21.09 
883 22/3/2023-23:9:34 27.81 21.09 
884 22/3/2023-23:9:39 27.81 21.09 
885 22/3/2023-23:9:44 27.81 21.09 
886 22/3/2023-23:9:49 27.81 21.09 
887 22/3/2023-23:9:54 27.81 21.09 
888 22/3/2023-23:9:59 27.81 21.52 
889 22/3/2023-23:10:4 27.81 21.09 
890 22/3/2023-23:10:9 27.81 21.09 
891 22/3/2023-23:10:14 27.81 21.09 
892 22/3/2023-23:10:19 27.81 21.08 
893 22/3/2023-23:10:24 27.75 21.09 
894 22/3/2023-23:10:29 27.81 21.09 
895 22/3/2023-23:10:34 27.81 21.09 
896 22/3/2023-23:10:39 27.75 20.67 
897 22/3/2023-23:10:44 27.81 21.09 
898 22/3/2023-23:10:49 27.81 21.09 
899 22/3/2023-23:10:54 27.81 21.09 
900 22/3/2023-23:10:59 27.81 21.09 
901 22/3/2023-23:11:4 27.81 21.52 
902 22/3/2023-23:11:9 27.81 21.08 
903 22/3/2023-23:11:14 27.81 20.67 
904 22/3/2023-23:11:19 27.81 21.09 
905 22/3/2023-23:11:24 27.75 21.09 
906 22/3/2023-23:11:29 27.75 21.09 
907 22/3/2023-23:11:34 27.81 20.67 
908 22/3/2023-23:11:39 27.81 21.08 
909 22/3/2023-23:11:44 27.75 20.67 
910 22/3/2023-23:11:49 27.75 20.67 
911 22/3/2023-23:11:54 27.75 21.09 
912 22/3/2023-23:11:59 27.75 20.67 
913 22/3/2023-23:12:4 27.81 21.09 
914 22/3/2023-23:12:9 27.75 20.67 
915 22/3/2023-23:12:14 27.81 21.09 
916 22/3/2023-23:12:19 27.75 21.09 
917 22/3/2023-23:12:24 27.81 21.09 
918 22/3/2023-23:12:29 27.75 21.08 
919 22/3/2023-23:12:34 27.75 21.09 
920 22/3/2023-23:12:39 27.75 21.09 
921 22/3/2023-23:12:44 27.75 21.09 
922 22/3/2023-23:12:49 27.75 21.09 
923 22/3/2023-23:12:54 27.75 21.09 
924 22/3/2023-23:12:59 27.81 21.09 
925 22/3/2023-23:13:4 27.75 21.52 
926 22/3/2023-23:13:9 27.75 20.67 
927 22/3/2023-23:13:14 27.81 21.11 
928 22/3/2023-23:13:19 27.81 21.09 
929 22/3/2023-23:13:24 27.81 21.09 
930 22/3/2023-23:13:29 27.75 20.67 
931 22/3/2023-23:13:34 27.75 21.09 
932 22/3/2023-23:13:39 27.75 21.50 
933 22/3/2023-23:13:44 27.75 21.09 
934 22/3/2023-23:13:49 27.75 21.09 
935 22/3/2023-23:13:54 27.81 20.67 
936 22/3/2023-23:13:59 27.75 21.52 
937 22/3/2023-23:14:4 27.75 20.67 
938 22/3/2023-23:14:9 27.81 21.08 
939 22/3/2023-23:14:14 27.81 20.67 
940 22/3/2023-23:14:19 27.81 20.69 
941 22/3/2023-23:14:24 27.81 20.67 
942 22/3/2023-23:14:29 27.75 20.67 
943 22/3/2023-23:14:34 27.81 21.08 
944 22/3/2023-23:14:39 27.75 20.67 
945 22/3/2023-23:14:44 27.75 20.67 
946 22/3/2023-23:14:49 27.81 21.09 
947 22/3/2023-23:14:54 27.75 20.67 
948 22/3/2023-23:14:59 27.75 20.67 
949 22/3/2023-23:15:4 27.75 21.09 
950 22/3/2023-23:15:9 27.81 21.09 
951 22/3/2023-23:15:14 27.75 21.09 
952 22/3/2023-23:15:19 27.75 20.67 
953 22/3/2023-23:15:24 27.75 21.09 
954 22/3/2023-23:15:29 27.75 21.09 
955 22/3/2023-23:15:34 27.75 21.08 
956 22/3/2023-23:15:39 27.75 20.67 
957 22/3/2023-23:15:44 27.75 21.08 
958 22/3/2023-23:15:49 27.81 21.09 
959 22/3/2023-23:15:54 27.75 21.09 
960 22/3/2023-23:15:59 27.75 21.09 
961 22/3/2023-23:16:4 27.75 20.67 
962 22/3/2023-23:16:9 27.75 20.67 
963 22/3/2023-23:16:14 27.75 20.67 
964 22/3/2023-23:16:19 27.75 20.67 
965 22/3/2023-23:16:24 27.75 21.09 
966 22/3/2023-23:16:29 27.75 21.09 
967 22/3/2023-23:16:34 27.75 20.67 
968 22/3/2023-23:16:39 27.75 21.08 
969 22/3/2023-23:16:44 27.75 20.69 
970 22/3/2023-23:16:49 27.75 20.67 
971 22/3/2023-23:16:54 27.75 20.67 
972 22/3/2023-23:16:59 27.75 20.67 
973 22/3/2023-23:17:4 27.75 21.09 
974 22/3/2023-23:17:9 27.69 20.67 
975 22/3/2023-23:17:14 27.75 21.09 
976 22/3/2023-23:17:19 27.75 20.67 
977 22/3/2023-23:17:24 27.69 21.09 
978 22/3/2023-23:17:29 27.75 20.69 
979 22/3/2023-23:17:34 27.75 20.67 
980 22/3/2023-23:17:39 27.75 20.67 
981 22/3/2023-23:17:44 27.75 20.67 
982 22/3/2023-23:17:49 27.75 21.09 
983 22/3/2023-23:17:54 27.75 20.67 
984 22/3/2023-23:17:59 27.75 21.09 
985 22/3/2023-23:18:4 27.75 21.09 
986 22/3/2023-23:18:9 27.75 21.09 
987 22/3/2023-23:18:14 27.75 21.09 
988 22/3/2023-23:18:19 27.75 21.52 
989 22/3/2023-23:18:24 27.75 21.52 
990 22/3/2023-23:18:29 27.75 21.09 
991 22/3/2023-23:18:34 27.75 21.09 
992 22/3/2023-23:18:39 27.75 21.09 
993 22/3/2023-23:18:44 27.75 21.09 
994 22/3/2023-23:18:49 27.75 21.50 
995 22/3/2023-23:18:54 27.75 21.09 
996 22/3/2023-23:18:59 27.75 21.09 
997 22/3/2023-23:19:4 27.75 21.09 
998 22/3/2023-23:19:9 27.75 21.09 
999 22/3/2023-23:19:14 27.75 21.09 
1000 22/3/2023-23:19:19 27.69 21.09 
1001 22/3/2023-23:19:24 27.69 21.09 
1002 22/3/2023-23:19:29 27.69 20.67 
1003 22/3/2023-23:19:34 27.75 21.09 
1004 22/3/2023-23:19:39 27.75 21.09 
1005 22/3/2023-23:19:44 27.75 21.09 
1006 22/3/2023-23:19:49 27.75 21.09 
1007 22/3/2023-23:19:54 27.75 20.69 
1008 22/3/2023-23:19:59 27.75 21.09 
1009 22/3/2023-23:20:4 27.69 20.67 
1010 22/3/2023-23:20:9 27.69 21.50 
1011 22/3/2023-23:20:14 27.69 20.67 
1012 22/3/2023-23:20:19 27.69 21.09 
1013 22/3/2023-23:20:24 27.69 21.09 
1014 22/3/2023-23:20:29 27.69 21.09 
1015 22/3/2023-23:20:34 27.69 21.11 
1016 22/3/2023-23:20:39 27.69 21.09 
1017 22/3/2023-23:20:44 27.69 21.09 
1018 22/3/2023-23:20:49 27.69 21.08 
1019 22/3/2023-23:20:54 27.69 21.52 
1020 22/3/2023-23:20:59 27.69 21.09 
1021 22/3/2023-23:21:4 27.69 21.09 
1022 22/3/2023-23:21:9 27.69 21.09 
1023 22/3/2023-23:21:14 27.69 21.09 
1024 22/3/2023-23:21:19 27.69 21.09 
1025 22/3/2023-23:21:24 27.75 20.67 
1026 22/3/2023-23:21:29 27.69 21.09 
1027 22/3/2023-23:21:34 27.69 20.67 
1028 22/3/2023-23:21:39 27.69 20.67 
1029 22/3/2023-23:21:44 27.69 21.08 
1030 22/3/2023-23:21:49 27.75 21.09 
1031 22/3/2023-23:21:54 27.69 20.67 
1032 22/3/2023-23:21:59 27.69 21.08 
1033 22/3/2023-23:22:4 27.69 21.09 
1034 22/3/2023-23:22:9 27.69 21.09 
1035 22/3/2023-23:22:14 27.69 20.67 
1036 22/3/2023-23:22:19 27.69 20.69 
1037 22/3/2023-23:22:24 27.75 21.09 
1038 22/3/2023-23:22:29 27.75 21.08 
1039 22/3/2023-23:22:34 27.69 21.08 
1040 22/3/2023-23:22:39 27.69 21.09 
1041 22/3/2023-23:22:44 27.69 21.09 
1042 22/3/2023-23:22:49 27.69 21.08 
1043 22/3/2023-23:22:54 27.69 21.09 
1044 22/3/2023-23:22:59 27.69 21.09 
1045 22/3/2023-23:23:4 27.69 21.09 
1046 22/3/2023-23:23:9 27.69 20.67 
1047 22/3/2023-23:23:14 27.69 21.09 
1048 22/3/2023-23:23:19 27.69 21.09 
1049 22/3/2023-23:23:24 27.69 21.09 
1050 22/3/2023-23:23:29 27.69 20.69 
1051 22/3/2023-23:23:34 27.69 20.69 
1052 22/3/2023-23:23:39 27.69 21.09 
1053 22/3/2023-23:23:44 27.69 20.69 
1054 22/3/2023-23:23:49 27.69 20.69 
1055 22/3/2023-23:23:54 27.69 21.09 
1056 22/3/2023-23:23:59 27.69 21.09 
1057 22/3/2023-23:24:4 27.69 21.09 
1058 22/3/2023-23:24:9 27.63 21.09 
1059 22/3/2023-23:24:14 27.63 20.67 
1060 22/3/2023-23:24:19 27.63 21.08 
1061 22/3/2023-23:24:24 27.63 21.09 
1062 22/3/2023-23:24:29 27.63 20.67 
1063 22/3/2023-23:24:34 27.69 21.09 
1064 22/3/2023-23:24:39 27.69 20.67 
1065 22/3/2023-23:24:44 27.63 20.69 
1066 22/3/2023-23:24:49 27.69 21.09 
1067 22/3/2023-23:24:54 27.63 21.09 
1068 22/3/2023-23:24:59 27.69 20.67 
1069 22/3/2023-23:25:4 27.63 21.09 
1070 22/3/2023-23:25:9 27.63 20.65 
1071 22/3/2023-23:25:14 27.63 21.09 
1072 22/3/2023-23:25:19 27.69 20.67 
1073 22/3/2023-23:25:24 27.69 20.67 
1074 22/3/2023-23:25:29 27.69 21.09 
1075 22/3/2023-23:25:34 27.69 21.09 
1076 22/3/2023-23:25:39 27.63 21.09 
1077 22/3/2023-23:25:44 27.63 20.67 
1078 22/3/2023-23:25:49 27.63 21.09 
1079 22/3/2023-23:25:54 27.63 21.08 
1080 22/3/2023-23:25:59 27.63 21.09 
1081 22/3/2023-23:26:4 27.63 21.09 
1082 22/3/2023-23:26:9 27.63 20.67 
1083 22/3/2023-23:26:14 27.63 21.09 
1084 22/3/2023-23:26:19 27.63 20.67 
1085 22/3/2023-23:26:24 27.63 21.09 
1086 22/3/2023-23:26:29 27.63 21.09 
1087 22/3/2023-23:26:34 27.63 21.08 
1088 22/3/2023-23:26:39 27.63 21.09 
1089 22/3/2023-23:26:44 27.63 21.09 
1090 22/3/2023-23:26:49 27.56 21.09 
1091 22/3/2023-23:26:54 27.63 20.67 
1092 22/3/2023-23:26:59 27.69 21.09 
1093 22/3/2023-23:27:4 27.63 21.08 
1094 22/3/2023-23:27:9 27.63 21.09 
1095 22/3/2023-23:27:14 27.63 21.09 
1096 22/3/2023-23:27:19 27.63 21.09 
1097 22/3/2023-23:27:24 27.63 21.08 
1098 22/3/2023-23:27:29 27.63 21.09 
1099 22/3/2023-23:27:34 27.63 21.09 
1100 22/3/2023-23:27:39 27.63 21.08 
1101 22/3/2023-23:27:44 27.63 21.09 
1102 22/3/2023-23:27:49 27.63 21.09 
1103 22/3/2023-23:27:54 27.63 21.09 
1104 22/3/2023-23:27:59 27.63 21.09 
1105 22/3/2023-23:28:4 27.63 21.09 
1106 22/3/2023-23:28:9 27.63 21.52 
1107 22/3/2023-23:28:14 27.63 21.09 
1108 22/3/2023-23:28:19 27.63 21.09 
1109 22/3/2023-23:28:24 27.63 20.69 
1110 22/3/2023-23:28:29 27.63 21.09 
1111 22/3/2023-23:28:34 27.63 21.09 
1112 22/3/2023-23:28:39 27.56 21.09 
1113 22/3/2023-23:28:44 27.63 21.08 
1114 22/3/2023-23:28:49 27.63 21.08 
1115 22/3/2023-23:28:54 27.63 20.67 
1116 22/3/2023-23:28:59 27.63 21.09 
1117 22/3/2023-23:29:4 27.63 21.08 
1118 22/3/2023-23:29:9 27.63 21.09 
1119 22/3/2023-23:29:14 27.63 21.08 
1120 22/3/2023-23:29:19 27.69 20.67 
1121 22/3/2023-23:29:24 27.63 21.09 
1122 22/3/2023-23:29:29 27.63 20.67 
1123 22/3/2023-23:29:34 27.63 21.08 
1124 22/3/2023-23:29:39 27.63 21.09 
1125 22/3/2023-23:29:44 27.63 20.67 
